2014-12-01 15:42:08,577 [main] INFO  com.cimait.invoicec.core.ServiceData - Iniciando ServiceData...
2014-12-01 15:42:08,580 [main] INFO  com.cimait.invoicec.core.ServiceData - Cargando parametros de ejecucion...
2014-12-01 15:42:09,380 [main] INFO  org.apache.commons.configuration.ConfigurationFactory - Trying to load configuration facturacion.xml
2014-12-01 15:42:09,858 [main] INFO  com.cimait.invoicec.core.ServiceData - Iniciando Conexion a Base de Datos...
2014-12-01 15:42:10,594 [main] INFO  org.hibernate.annotations.common.Version - HCANN000001: Hibernate Commons Annotations {4.0.2.Final}
2014-12-01 15:42:10,667 [main] INFO  org.hibernate.Version - HHH000412: Hibernate Core {4.2.10.Final}
2014-12-01 15:42:10,680 [main] INFO  org.hibernate.cfg.Environment - HHH000206: hibernate.properties not found
2014-12-01 15:42:10,696 [main] INFO  org.hibernate.cfg.Environment - HHH000021: Bytecode provider name : javassist
2014-12-01 15:42:10,786 [main] INFO  org.hibernate.cfg.Configuration - HHH000043: Configuring from resource: /hibernate.cfg.xml
2014-12-01 15:42:10,787 [main] INFO  org.hibernate.cfg.Configuration - HHH000040: Configuration resource: /hibernate.cfg.xml
2014-12-01 15:42:11,046 [main] INFO  org.hibernate.cfg.Configuration - HHH000041: Configured SessionFactory: null
2014-12-01 15:42:11,295 [main] INFO  org.hibernate.service.jdbc.connections.internal.ConnectionProviderInitiator - HHH000130: Instantiating explicit connection provider: com.jolbox.bonecp.provider.BoneCPConnectionProvider
2014-12-01 15:42:15,292 [main] INFO  org.hibernate.dialect.Dialect - HHH000400: Using dialect: org.hibernate.dialect.PostgreSQL82Dialect
2014-12-01 15:42:15,342 [main] INFO  org.hibernate.engine.jdbc.internal.LobCreatorBuilder - HHH000424: Disabling contextual LOB creation as createClob() method threw error : java.lang.reflect.InvocationTargetException
2014-12-01 15:42:16,194 [main] INFO  org.hibernate.engine.transaction.internal.TransactionFactoryInitiator - HHH000399: Using default transaction strategy (direct JDBC transactions)
2014-12-01 15:42:16,214 [main] INFO  org.hibernate.hql.internal.ast.ASTQueryTranslatorFactory - HHH000397: Using ASTQueryTranslatorFactory
2015-02-27 14:58:08,475 [main] INFO  com.cimait.invoicec.core.ServiceData - Iniciando ServiceData...
2015-02-27 14:58:08,501 [main] INFO  com.cimait.invoicec.core.ServiceData - Cargando parametros de ejecucion...
2015-02-27 14:58:09,275 [main] INFO  org.apache.commons.configuration.ConfigurationFactory - Trying to load configuration facturacion.xml
2015-02-27 14:58:09,763 [main] INFO  com.cimait.invoicec.core.ServiceData - Iniciando Conexion a Base de Datos...
2015-02-27 15:08:58,326 [main] INFO  com.cimait.invoicec.core.ServiceData - Iniciando ServiceData...
2015-02-27 15:08:58,329 [main] INFO  com.cimait.invoicec.core.ServiceData - Cargando parametros de ejecucion...
2015-02-27 15:08:58,970 [main] INFO  org.apache.commons.configuration.ConfigurationFactory - Trying to load configuration facturacion.xml
2015-02-27 15:08:59,381 [main] INFO  com.cimait.invoicec.core.ServiceData - Iniciando Conexion a Base de Datos...
2015-03-03 14:56:58,589 [main] INFO  com.cimait.invoicec.core.ServiceData - Iniciando ServiceData...
2015-03-03 14:56:58,607 [main] INFO  com.cimait.invoicec.core.ServiceData - Cargando parametros de ejecucion...
2015-03-03 14:56:59,348 [main] INFO  org.apache.commons.configuration.ConfigurationFactory - Trying to load configuration facturacion.xml
2015-03-03 14:56:59,857 [main] INFO  com.cimait.invoicec.core.ServiceData - Iniciando Conexion a Base de Datos...
2015-03-09 10:08:28,087 [main] INFO  com.cimait.invoicec.core.ServiceData - Iniciando ServiceData...
2015-03-09 10:08:28,092 [main] INFO  com.cimait.invoicec.core.ServiceData - Cargando parametros de ejecucion...
2015-03-09 10:08:29,087 [main] INFO  org.apache.commons.configuration.ConfigurationFactory - Trying to load configuration facturacion.xml
2015-03-09 10:08:29,586 [main] INFO  com.cimait.invoicec.core.ServiceData - Iniciando Conexion a Base de Datos...
